
	            G L O B A L   R E F E R E N C E S

	             Name               Value        Type
	==============================|=======|===============
	CR                               000A         CONSTANT
	FIM_TEXTO                        0040         CONSTANT
	IO_READ                          FFFF         CONSTANT
	IO_WRITE                         FFFE         CONSTANT
	IO_STATUS                        FFFD         CONSTANT
	INITIAL_SP                       FDFF         CONSTANT
	CURSOR                           FFFC         CONSTANT
	CURSOR_INIT                      FFFF         CONSTANT
	ROW_POSITION                     0000         CONSTANT
	COL_POSITION                     0000         CONSTANT
	ROW_SHIFT                        0008         CONSTANT
	COLUMN_SHIFT                     0008         CONSTANT
	TEMPO_CONTAGEM                   FFF6         CONSTANT
	TEMPO_CONTROLE                   FFF7         CONSTANT
	INTERVALO                        000A         CONSTANT
	INICIO                           1615         CONSTANT
	PontoCentena                     0209         CONSTANT
	PontoDezena                      020A         CONSTANT
	PontoUnidade                     020B         CONSTANT
	POSICAOVIDA                      0108         CONSTANT
	PAREDE                           0023         CONSTANT
	FANTASMA                         003F         CONSTANT
	BANANA                           0028         CONSTANT
	COMIDA                           002E         CONSTANT
	VAZIO                            0020         CONSTANT
	PAC                              0040         CONSTANT
	PARADO                           0000         CONSTANT
	CIMA                             0001         CONSTANT
	ESQUERDA                         0002         CONSTANT
	BAIXO                            0003         CONSTANT
	DIREITA                          0004         CONSTANT
	PACTEMP                          0024         CONSTANT
	FANTASMATEMP                     0021         CONSTANT
	RowIndex                         8000         VARIABLE
	ColumnIndex                      8001         VARIABLE
	PosicaoPac                       8002         VARIABLE
	DirecaoPac                       8003         VARIABLE
	PacTela                          8004         VARIABLE
	DirecaoFantasma                  8005         VARIABLE
	ContadorFantasma                 8006         VARIABLE
	Vidas                            8007         VARIABLE
	Linha1                           8008           STRING
	Linha2                           8031           STRING
	Linha3                           805A           STRING
	Linha4                           8083           STRING
	Linha5                           80AC           STRING
	Linha6                           80D5           STRING
	Linha7                           80FE           STRING
	Linha8                           8127           STRING
	Linha9                           8150           STRING
	Linha10                          8179           STRING
	Linha11                          81A2           STRING
	Linha12                          81CB           STRING
	Linha13                          81F4           STRING
	Linha14                          821D           STRING
	Linha15                          8246           STRING
	Linha16                          826F           STRING
	Linha17                          8298           STRING
	Linha18                          82C1           STRING
	Linha19                          82EA           STRING
	Linha20                          8313           STRING
	Linha21                          833C           STRING
	Linha22                          8365           STRING
	Linha23                          838E           STRING
	INT0                             FE00         VARIABLE
	INT1                             FE01         VARIABLE
	INT2                             FE02         VARIABLE
	INT3                             FE03         VARIABLE
	INT15                            FE0F         VARIABLE
	FazMapa                          0002            LABEL
	While1                           0006            LABEL
	While2                           000C            LABEL
	Final2                           001C            LABEL
	Final1                           001F            LABEL
	CicloJogo                        0020            LABEL
	Loop1                            0025            LABEL
	Loop2                            002B            LABEL
	Else1                            0040            LABEL
	Else2                            0048            LABEL
	Else3                            0055            LABEL
	AcabaIf1                         0060            LABEL
	Acaba2                           0069            LABEL
	Acaba1                           006C            LABEL
	AjeitarDirecaoFantasma           007C            LABEL
	TerminouFantasma                 0080            LABEL
	MovePac                          0084            LABEL
	Verifica1                        0091            LABEL
	Verifica2                        009D            LABEL
	Verifica3                        00A9            LABEL
	Verifica4                        00B7            LABEL
	FimVerifica                      00C3            LABEL
	Mais1Ponto                       00D0            LABEL
	Foi1                             00E3            LABEL
	FinalUnidade                     00E4            LABEL
	Mais10Pontos                     00EC            LABEL
	Foi10                            00FF            LABEL
	FinalDezena                      0100            LABEL
	Mais100Pontos                    0108            LABEL
	Foi100                           0115            LABEL
	FinalCentena                     0116            LABEL
	ColisaoPac                       011E            LABEL
	PacFantasma                      012C            LABEL
	PacComida                        014E            LABEL
	PacBanana                        0160            LABEL
	FimColisao                       0170            LABEL
	MoveFantasma                     017F            LABEL
	FantasmaProx1                    0197            LABEL
	FantasmaProx2                    01A9            LABEL
	FantasmaProx3                    01BD            LABEL
	ColideFantasma                   01CD            LABEL
	FantasmaPac                      01D5            LABEL
	FimFantasma                      01F7            LABEL
	Menos1Vida                       0205            LABEL
	SetaTimer                        0214            LABEL
	Pac_cima                         021F            LABEL
	Pac_esquerda                     0228            LABEL
	Pac_baixo                        0231            LABEL
	Pac_direita                      023A            LABEL
	Main                             0243            LABEL
	End                              0251            LABEL
